<?xml version="1.0" encoding="UTF-8"?>
<!-- Generated by org.testng.reporters.JUnitReportReporter -->
<testsuite hostname="DESKTOP-0BLHGAK" failures="0" tests="3" name="tests.LoginTest" time="7.258" errors="0" timestamp="2025-10-17T23:31:45 CEST" skipped="0">
  <testcase classname="tests.LoginTest" name="validtestLogin" time="2.994"/>
  <testcase classname="tests.LoginTest" name="validtestLogin" time="2.582"/>
  <testcase classname="tests.LoginTest" name="invalidtestLogin" time="1.682"/>
</testsuite> <!-- tests.LoginTest -->
