<?xml version="1.0" encoding="UTF-8"?>
<!-- Generated by org.testng.reporters.JUnitReportReporter -->
<testsuite hostname="DESKTOP-0BLHGAK" failures="0" tests="3" name="tests.CategoryTest" time="14.137" errors="0" timestamp="2025-09-15T11:13:18 CEST" skipped="0">
  <testcase classname="tests.CategoryTest" name="testProductsAreDisplayed" time="0.663"/>
  <testcase classname="tests.CategoryTest" name="testProductDetail" time="12.687"/>
  <testcase classname="tests.CategoryTest" name="testProductsTitleAreDisplayed" time="0.787"/>
</testsuite> <!-- tests.CategoryTest -->
