<?xml version="1.0" encoding="UTF-8"?>
<!-- Generated by org.testng.reporters.JUnitReportReporter -->
<testsuite hostname="DESKTOP-0BLHGAK" failures="0" tests="5" name="tests.RegisterTest" time="25.020" errors="0" timestamp="2025-10-17T23:31:45 CEST" skipped="0">
  <testcase classname="tests.RegisterTest" name="validsuccessfulMaleRegister" time="5.328"/>
  <testcase classname="tests.RegisterTest" name="registerWithDuplicateEmail" time="8.736"/>
  <testcase classname="tests.RegisterTest" name="validsuccessfulMaleRegister" time="4.367"/>
  <testcase classname="tests.RegisterTest" name="validsuccessfulFemaleRegister" time="5.234"/>
  <testcase classname="tests.RegisterTest" name="testEmptyRequiredFields" time="1.355"/>
</testsuite> <!-- tests.RegisterTest -->
