<?xml version="1.0" encoding="UTF-8"?>
<!-- Generated by org.testng.reporters.JUnitReportReporter -->
<testsuite hostname="DESKTOP-0BLHGAK" failures="0" tests="1" name="tests.CategoryTest" time="11.490" errors="0" timestamp="2025-09-13T14:45:46 CEST" skipped="0">
  <testcase classname="tests.CategoryTest" name="testProductsAreDisplayed" time="11.490"/>
</testsuite> <!-- tests.CategoryTest -->
