<?xml version="1.0" encoding="UTF-8"?>
<!-- Generated by org.testng.reporters.JUnitReportReporter -->
<testsuite hostname="DESKTOP-0BLHGAK" failures="0" tests="2" name="tests.LoginTest" time="4.825" errors="0" timestamp="2025-09-12T15:50:06 CEST" skipped="0">
  <testcase classname="tests.LoginTest" name="invalidtestLogin" time="2.216"/>
  <testcase classname="tests.LoginTest" name="validtestLogin" time="2.609"/>
</testsuite> <!-- tests.LoginTest -->
