<?xml version="1.0" encoding="UTF-8"?>
<!-- Generated by org.testng.reporters.JUnitReportReporter -->
<testsuite hostname="DESKTOP-0BLHGAK" failures="0" tests="2" name="tests.LoginTest" time="6.013" errors="0" timestamp="2025-09-11T13:11:37 CEST" skipped="0">
  <testcase classname="tests.LoginTest" name="validtestLogin" time="3.237"/>
  <testcase classname="tests.LoginTest" name="invalidtestLogin" time="2.776"/>
</testsuite> <!-- tests.LoginTest -->
