<?xml version="1.0" encoding="UTF-8"?>
<!-- Generated by org.testng.reporters.JUnitReportReporter -->
<testsuite hostname="DESKTOP-0BLHGAK" failures="0" tests="2" name="tests.LoginTest" time="4.978" errors="0" timestamp="2025-10-16T23:23:22 CEST" skipped="0">
  <testcase classname="tests.LoginTest" name="validtestLogin" time="3.109"/>
  <testcase classname="tests.LoginTest" name="invalidtestLogin" time="1.869"/>
</testsuite> <!-- tests.LoginTest -->
