<?xml version="1.0" encoding="UTF-8"?>
<!-- Generated by org.testng.reporters.JUnitReportReporter -->
<testsuite hostname="DESKTOP-0BLHGAK" failures="0" tests="2" name="tests.LoginTest" time="5.610" errors="0" timestamp="2025-10-20T10:06:39 CEST" skipped="0">
  <testcase classname="tests.LoginTest" name="validtestLogin" time="3.496"/>
  <testcase classname="tests.LoginTest" name="invalidtestLogin" time="2.114"/>
</testsuite> <!-- tests.LoginTest -->
