<?xml version="1.0" encoding="UTF-8"?>
<!-- Generated by org.testng.reporters.JUnitReportReporter -->
<testsuite hostname="DESKTOP-0BLHGAK" failures="0" tests="4" name="tests.RegisterTest" time="19.232" errors="0" timestamp="2025-09-12T22:13:19 CEST" skipped="0">
  <testcase classname="tests.RegisterTest" name="testEmptyRequiredFields" time="2.471"/>
  <testcase classname="tests.RegisterTest" name="validsuccessfulMaleRegister" time="4.682"/>
  <testcase classname="tests.RegisterTest" name="validsuccessfulFemaleRegister" time="3.915"/>
  <testcase classname="tests.RegisterTest" name="registerWithDuplicateEmail" time="8.164"/>
</testsuite> <!-- tests.RegisterTest -->
