<?xml version="1.0" encoding="UTF-8"?>
<!-- Generated by org.testng.reporters.JUnitReportReporter -->
<testsuite hostname="DESKTOP-0BLHGAK" failures="0" tests="5" name="tests.CategoryTest" time="21.179" errors="0" timestamp="2025-10-16T23:23:22 CEST" skipped="0">
  <testcase classname="tests.CategoryTest" name="testProductDetail" time="14.164"/>
  <testcase classname="tests.CategoryTest" name="testProductsTitleAreDisplayed" time="0.832"/>
  <testcase classname="tests.CategoryTest" name="testProductSortAToZ" time="2.954"/>
  <testcase classname="tests.CategoryTest" name="testProductsAreDisplayed" time="0.786"/>
  <testcase classname="tests.CategoryTest" name="testPriceSort" time="2.443"/>
</testsuite> <!-- tests.CategoryTest -->
