<?xml version="1.0" encoding="UTF-8"?>
<!-- Generated by org.testng.reporters.JUnitReportReporter -->
<testsuite hostname="DESKTOP-0BLHGAK" failures="0" tests="5" name="tests.CategoryTest" time="21.066" errors="0" timestamp="2025-09-28T12:41:33 CEST" skipped="0">
  <testcase classname="tests.CategoryTest" name="testProductsAreDisplayed" time="1.595"/>
  <testcase classname="tests.CategoryTest" name="testProductDetail" time="14.718"/>
  <testcase classname="tests.CategoryTest" name="testPriceSort" time="2.183"/>
  <testcase classname="tests.CategoryTest" name="testProductSortAToZ" time="1.788"/>
  <testcase classname="tests.CategoryTest" name="testProductsTitleAreDisplayed" time="0.782"/>
</testsuite> <!-- tests.CategoryTest -->
