<?xml version="1.0" encoding="UTF-8"?>
<!-- Generated by org.testng.reporters.JUnitReportReporter -->
<testsuite hostname="DESKTOP-0BLHGAK" failures="0" tests="5" name="tests.CategoryTest" time="22.845" errors="0" timestamp="2025-10-17T23:31:45 CEST" skipped="0">
  <testcase classname="tests.CategoryTest" name="testProductsAreDisplayed" time="0.742"/>
  <testcase classname="tests.CategoryTest" name="testProductSortAToZ" time="2.049"/>
  <testcase classname="tests.CategoryTest" name="testPriceSort" time="3.406"/>
  <testcase classname="tests.CategoryTest" name="testProductDetail" time="15.545"/>
  <testcase classname="tests.CategoryTest" name="testProductsTitleAreDisplayed" time="1.103"/>
</testsuite> <!-- tests.CategoryTest -->
