<?xml version="1.0" encoding="UTF-8"?>
<!-- Generated by org.testng.reporters.JUnitReportReporter -->
<testsuite hostname="DESKTOP-0BLHGAK" failures="0" tests="3" name="tests.RegisterTest" time="13.361" errors="0" timestamp="2025-09-12T17:10:12 CEST" skipped="0">
  <testcase classname="tests.RegisterTest" name="validsuccessfulMaleRegister" time="7.073"/>
  <testcase classname="tests.RegisterTest" name="testEmptyRequiredFields" time="2.095"/>
  <testcase classname="tests.RegisterTest" name="validsuccessfulFemaleRegister" time="4.193"/>
</testsuite> <!-- tests.RegisterTest -->
