<?xml version="1.0" encoding="UTF-8"?>
<!-- Generated by org.testng.reporters.JUnitReportReporter -->
<testsuite hostname="DESKTOP-0BLHGAK" failures="0" tests="1" name="tests.RegisterTest" time="4.637" errors="0" timestamp="2025-09-11T13:12:41 CEST" skipped="0">
  <testcase classname="tests.RegisterTest" name="validsuccessfulRegister" time="4.637"/>
</testsuite> <!-- tests.RegisterTest -->
