<?xml version="1.0" encoding="UTF-8"?>
<!-- Generated by org.testng.reporters.JUnitReportReporter -->
<testsuite hostname="DESKTOP-0BLHGAK" failures="0" tests="4" name="tests.RegisterTest" time="17.723" errors="0" timestamp="2025-10-16T23:23:22 CEST" skipped="0">
  <testcase classname="tests.RegisterTest" name="testEmptyRequiredFields" time="1.242"/>
  <testcase classname="tests.RegisterTest" name="validsuccessfulMaleRegister" time="5.014"/>
  <testcase classname="tests.RegisterTest" name="registerWithDuplicateEmail" time="7.542"/>
  <testcase classname="tests.RegisterTest" name="validsuccessfulFemaleRegister" time="3.925"/>
</testsuite> <!-- tests.RegisterTest -->
