<?xml version="1.0" encoding="UTF-8"?>
<!-- Generated by org.testng.reporters.JUnitReportReporter -->
<testsuite hostname="DESKTOP-0BLHGAK" failures="0" tests="5" name="tests.CategoryTest" time="27.767" errors="0" timestamp="2025-10-18T00:42:43 CEST" skipped="0">
  <testcase classname="tests.CategoryTest" name="testProductDetail" time="18.987"/>
  <testcase classname="tests.CategoryTest" name="testProductsTitleAreDisplayed" time="2.515"/>
  <testcase classname="tests.CategoryTest" name="testPriceSort" time="3.329"/>
  <testcase classname="tests.CategoryTest" name="testProductsAreDisplayed" time="0.645"/>
  <testcase classname="tests.CategoryTest" name="testProductSortAToZ" time="2.291"/>
</testsuite> <!-- tests.CategoryTest -->
