<?xml version="1.0" encoding="UTF-8"?>
<!-- Generated by org.testng.reporters.JUnitReportReporter -->
<testsuite hostname="DESKTOP-0BLHGAK" failures="0" tests="4" name="tests.RegisterTest" time="18.733" errors="0" timestamp="2025-10-27T23:08:49 CET" skipped="0">
  <testcase classname="tests.RegisterTest" name="registerWithDuplicateEmail" time="7.815"/>
  <testcase classname="tests.RegisterTest" name="validsuccessfulMaleRegister" time="4.071"/>
  <testcase classname="tests.RegisterTest" name="validsuccessfulFemaleRegister" time="3.867"/>
  <testcase classname="tests.RegisterTest" name="testEmptyRequiredFields" time="2.980"/>
</testsuite> <!-- tests.RegisterTest -->
