<?xml version="1.0" encoding="UTF-8"?>
<!-- Generated by org.testng.reporters.JUnitReportReporter -->
<testsuite hostname="DESKTOP-0BLHGAK" failures="0" tests="2" name="tests.LoginTest" time="4.601" errors="0" timestamp="2025-09-10T22:57:13 CEST" skipped="0">
  <testcase classname="tests.LoginTest" name="validtestLogin" time="2.835"/>
  <testcase classname="tests.LoginTest" name="invalidtestLogin" time="1.766"/>
</testsuite> <!-- tests.LoginTest -->
